<?xml version="1.0" encoding="UTF-8"?>
<testsuite name="tictactoe.App" tests="1" skipped="0" failures="0" errors="0" timestamp="2020-12-08T18:50:04" hostname="MB-C02DG05TML88" time="0.009">
  <properties/>
  <testcase name="should_run_tictactoe()" classname="tictactoe.App" time="0.009"/>
  <system-out><![CDATA[Test for TicTacToe running...
]]></system-out>
  <system-err><![CDATA[]]></system-err>
</testsuite>
